<?xml version="1.0" encoding="UTF-8"?>
<testsuite xmlns:xsi="http://www.w3.org/2001/XMLSchema-instance" xsi:noNamespaceSchemaLocation="https://maven.apache.org/surefire/maven-surefire-plugin/xsd/surefire-test-report.xsd" name="com.example.demo.ApplicationTests" time="103.988" tests="2" errors="0" skipped="0" failures="0">
  <properties>
[...]
</properties>
  <testcase name="unAuthorisedUserAccess" classname="com.example.demo.ApplicationTests" time="35.494"/>
  <testcase name="testUserSignupAndLogin" classname="com.example.demo.ApplicationTests" time="11.639"/>
</testsuite>